<?xml version="1.0" encoding="UTF-8"?>
<testsuite time="16.142" failures="0" tests="1" name="tests" >
  <testcase time="16.128" classname="tests" name="testTestSuite.ta" />
</testsuite>